0 info it worked if it ends with ok
1 verbose cli [ '/usr/local/bin/node', '/usr/local/bin/npm', 'run', 'dev' ]
2 info using npm@1.4.28
3 info using node@v0.10.33
4 verbose run-script [ 'predev', 'dev', 'postdev' ]
5 info predev y_dispatchr_demo@1.0.0
6 info dev y_dispatchr_demo@1.0.0
7 verbose unsafe-perm in lifecycle true
8 info y_dispatchr_demo@1.0.0 Failed to exec dev script
9 error y_dispatchr_demo@1.0.0 dev: `webpack-dev-server --config webpack.config.js --content-base src/ --colors --hot --progress --inline --watch`
9 error Exit status 8
10 error Failed at the y_dispatchr_demo@1.0.0 dev script.
10 error This is most likely a problem with the y_dispatchr_demo package,
10 error not with npm itself.
10 error Tell the author that this fails on your system:
10 error     webpack-dev-server --config webpack.config.js --content-base src/ --colors --hot --progress --inline --watch
10 error You can get their info via:
10 error     npm owner ls y_dispatchr_demo
10 error There is likely additional logging output above.
11 error System Darwin 13.3.0
12 error command "/usr/local/bin/node" "/usr/local/bin/npm" "run" "dev"
13 error cwd /Users/jayden/y_dispatchr_demo
14 error node -v v0.10.33
15 error npm -v 1.4.28
16 error code ELIFECYCLE
17 verbose exit [ 1, true ]
